[debug] [2018-08-02T09:51:01.702Z] ----------------------------------------------------------------------
[debug] [2018-08-02T09:51:01.704Z] Command:       /usr/local/nvm/versions/node/v8.9.4/bin/node /usr/local/nvm/versions/node/v8.9.4/bin/firebase login:ci
[debug] [2018-08-02T09:51:01.705Z] CLI Version:   4.0.1
[debug] [2018-08-02T09:51:01.705Z] Platform:      linux
[debug] [2018-08-02T09:51:01.705Z] Node Version:  v8.9.4
[debug] [2018-08-02T09:51:01.705Z] Time:          Thu Aug 02 2018 11:51:01 GMT+0200 (CEST)
[debug] [2018-08-02T09:51:01.705Z] ----------------------------------------------------------------------
[debug] 
[info] 
[info] Visit this URL on any device to log in:
[info] https://accounts.google.com/o/oauth2/auth?client_id=563584335869-fgrhgmd47bqnekij5i8b5pr03ho849e6.apps.googleusercontent.com&scope=email%20openid%20https%3A%2F%2Fwww.googleapis.com%2Fauth%2Fcloudplatformprojects.readonly%20https%3A%2F%2Fwww.googleapis.com%2Fauth%2Ffirebase%20https%3A%2F%2Fwww.googleapis.com%2Fauth%2Fcloud-platform&response_type=code&state=639261440&redirect_uri=http%3A%2F%2Flocalhost%3A9006
[info] 
[info] Waiting for authentication...
[debug] [2018-08-02T09:55:07.713Z] ----------------------------------------------------------------------
[debug] [2018-08-02T09:55:07.716Z] Command:       /usr/local/nvm/versions/node/v8.9.4/bin/node /usr/local/nvm/versions/node/v8.9.4/bin/firebase login:ci
[debug] [2018-08-02T09:55:07.716Z] CLI Version:   4.0.1
[debug] [2018-08-02T09:55:07.716Z] Platform:      linux
[debug] [2018-08-02T09:55:07.716Z] Node Version:  v8.9.4
[debug] [2018-08-02T09:55:07.716Z] Time:          Thu Aug 02 2018 11:55:07 GMT+0200 (CEST)
[debug] [2018-08-02T09:55:07.716Z] ----------------------------------------------------------------------
[debug] 
[info] 
[info] Visit this URL on any device to log in:
[info] https://accounts.google.com/o/oauth2/auth?client_id=563584335869-fgrhgmd47bqnekij5i8b5pr03ho849e6.apps.googleusercontent.com&scope=email%20openid%20https%3A%2F%2Fwww.googleapis.com%2Fauth%2Fcloudplatformprojects.readonly%20https%3A%2F%2Fwww.googleapis.com%2Fauth%2Ffirebase%20https%3A%2F%2Fwww.googleapis.com%2Fauth%2Fcloud-platform&response_type=code&state=445686850&redirect_uri=http%3A%2F%2Flocalhost%3A9007
[info] 
[info] Waiting for authentication...
